[2025-12-07T17:15:42.062+0000] {processor.py:161} INFO - Started process (PID=360) to work on /opt/airflow/dags/dag_currencies.py
[2025-12-07T17:15:42.063+0000] {processor.py:830} INFO - Processing file /opt/airflow/dags/dag_currencies.py for tasks to queue
[2025-12-07T17:15:42.064+0000] {logging_mixin.py:188} INFO - [2025-12-07T17:15:42.063+0000] {dagbag.py:538} INFO - Filling up the DagBag from /opt/airflow/dags/dag_currencies.py
[2025-12-07T17:15:42.195+0000] {processor.py:840} INFO - DAG(s) 'dag_currencies' retrieved from /opt/airflow/dags/dag_currencies.py
[2025-12-07T17:15:42.275+0000] {logging_mixin.py:188} INFO - [2025-12-07T17:15:42.274+0000] {override.py:1769} INFO - Created Permission View: can delete on DAG:dag_currencies
[2025-12-07T17:15:42.285+0000] {logging_mixin.py:188} INFO - [2025-12-07T17:15:42.285+0000] {override.py:1769} INFO - Created Permission View: can read on DAG:dag_currencies
[2025-12-07T17:15:42.292+0000] {logging_mixin.py:188} INFO - [2025-12-07T17:15:42.292+0000] {override.py:1769} INFO - Created Permission View: can edit on DAG:dag_currencies
[2025-12-07T17:15:42.293+0000] {logging_mixin.py:188} INFO - [2025-12-07T17:15:42.293+0000] {dag.py:3036} INFO - Sync 1 DAGs
[2025-12-07T17:15:42.300+0000] {logging_mixin.py:188} INFO - [2025-12-07T17:15:42.300+0000] {dag.py:3058} INFO - Creating ORM DAG for dag_currencies
[2025-12-07T17:15:42.307+0000] {logging_mixin.py:188} INFO - [2025-12-07T17:15:42.307+0000] {dag.py:3823} INFO - Setting next_dagrun for dag_currencies to 2025-12-06 09:00:00+00:00, run_after=2025-12-07 09:00:00+00:00
[2025-12-07T17:15:42.323+0000] {processor.py:183} INFO - Processing /opt/airflow/dags/dag_currencies.py took 0.264 seconds
[2025-12-07T17:16:12.539+0000] {processor.py:161} INFO - Started process (PID=380) to work on /opt/airflow/dags/dag_currencies.py
[2025-12-07T17:16:12.540+0000] {processor.py:830} INFO - Processing file /opt/airflow/dags/dag_currencies.py for tasks to queue
[2025-12-07T17:16:12.542+0000] {logging_mixin.py:188} INFO - [2025-12-07T17:16:12.541+0000] {dagbag.py:538} INFO - Filling up the DagBag from /opt/airflow/dags/dag_currencies.py
[2025-12-07T17:16:12.643+0000] {processor.py:840} INFO - DAG(s) 'dag_currencies' retrieved from /opt/airflow/dags/dag_currencies.py
[2025-12-07T17:16:12.668+0000] {logging_mixin.py:188} INFO - [2025-12-07T17:16:12.668+0000] {dag.py:3036} INFO - Sync 1 DAGs
[2025-12-07T17:16:12.685+0000] {logging_mixin.py:188} INFO - [2025-12-07T17:16:12.684+0000] {dag.py:3823} INFO - Setting next_dagrun for dag_currencies to 2025-12-06 09:00:00+00:00, run_after=2025-12-07 09:00:00+00:00
[2025-12-07T17:16:12.701+0000] {processor.py:183} INFO - Processing /opt/airflow/dags/dag_currencies.py took 0.165 seconds
[2025-12-07T17:16:43.015+0000] {processor.py:161} INFO - Started process (PID=400) to work on /opt/airflow/dags/dag_currencies.py
[2025-12-07T17:16:43.016+0000] {processor.py:830} INFO - Processing file /opt/airflow/dags/dag_currencies.py for tasks to queue
[2025-12-07T17:16:43.017+0000] {logging_mixin.py:188} INFO - [2025-12-07T17:16:43.017+0000] {dagbag.py:538} INFO - Filling up the DagBag from /opt/airflow/dags/dag_currencies.py
[2025-12-07T17:16:43.115+0000] {processor.py:840} INFO - DAG(s) 'dag_currencies' retrieved from /opt/airflow/dags/dag_currencies.py
[2025-12-07T17:16:43.137+0000] {logging_mixin.py:188} INFO - [2025-12-07T17:16:43.137+0000] {dag.py:3036} INFO - Sync 1 DAGs
[2025-12-07T17:16:43.155+0000] {logging_mixin.py:188} INFO - [2025-12-07T17:16:43.155+0000] {dag.py:3823} INFO - Setting next_dagrun for dag_currencies to 2025-12-06 09:00:00+00:00, run_after=2025-12-07 09:00:00+00:00
[2025-12-07T17:16:43.177+0000] {processor.py:183} INFO - Processing /opt/airflow/dags/dag_currencies.py took 0.164 seconds
[2025-12-07T17:17:13.804+0000] {processor.py:161} INFO - Started process (PID=442) to work on /opt/airflow/dags/dag_currencies.py
[2025-12-07T17:17:13.805+0000] {processor.py:830} INFO - Processing file /opt/airflow/dags/dag_currencies.py for tasks to queue
[2025-12-07T17:17:13.808+0000] {logging_mixin.py:188} INFO - [2025-12-07T17:17:13.807+0000] {dagbag.py:538} INFO - Filling up the DagBag from /opt/airflow/dags/dag_currencies.py
[2025-12-07T17:17:13.946+0000] {processor.py:840} INFO - DAG(s) 'dag_currencies' retrieved from /opt/airflow/dags/dag_currencies.py
[2025-12-07T17:17:13.970+0000] {logging_mixin.py:188} INFO - [2025-12-07T17:17:13.969+0000] {dag.py:3036} INFO - Sync 1 DAGs
[2025-12-07T17:17:13.989+0000] {logging_mixin.py:188} INFO - [2025-12-07T17:17:13.989+0000] {dag.py:3823} INFO - Setting next_dagrun for dag_currencies to 2025-12-07 09:00:00+00:00, run_after=2025-12-08 09:00:00+00:00
[2025-12-07T17:17:14.012+0000] {processor.py:183} INFO - Processing /opt/airflow/dags/dag_currencies.py took 0.213 seconds
[2025-12-07T17:17:44.215+0000] {processor.py:161} INFO - Started process (PID=462) to work on /opt/airflow/dags/dag_currencies.py
[2025-12-07T17:17:44.216+0000] {processor.py:830} INFO - Processing file /opt/airflow/dags/dag_currencies.py for tasks to queue
[2025-12-07T17:17:44.217+0000] {logging_mixin.py:188} INFO - [2025-12-07T17:17:44.217+0000] {dagbag.py:538} INFO - Filling up the DagBag from /opt/airflow/dags/dag_currencies.py
[2025-12-07T17:17:44.339+0000] {processor.py:840} INFO - DAG(s) 'dag_currencies' retrieved from /opt/airflow/dags/dag_currencies.py
[2025-12-07T17:17:44.369+0000] {logging_mixin.py:188} INFO - [2025-12-07T17:17:44.369+0000] {dag.py:3036} INFO - Sync 1 DAGs
[2025-12-07T17:17:44.394+0000] {logging_mixin.py:188} INFO - [2025-12-07T17:17:44.394+0000] {dag.py:3823} INFO - Setting next_dagrun for dag_currencies to 2025-12-07 09:00:00+00:00, run_after=2025-12-08 09:00:00+00:00
[2025-12-07T17:17:44.423+0000] {processor.py:183} INFO - Processing /opt/airflow/dags/dag_currencies.py took 0.210 seconds
[2025-12-07T17:18:14.680+0000] {processor.py:161} INFO - Started process (PID=482) to work on /opt/airflow/dags/dag_currencies.py
[2025-12-07T17:18:14.682+0000] {processor.py:830} INFO - Processing file /opt/airflow/dags/dag_currencies.py for tasks to queue
[2025-12-07T17:18:14.683+0000] {logging_mixin.py:188} INFO - [2025-12-07T17:18:14.683+0000] {dagbag.py:538} INFO - Filling up the DagBag from /opt/airflow/dags/dag_currencies.py
[2025-12-07T17:18:14.785+0000] {processor.py:840} INFO - DAG(s) 'dag_currencies' retrieved from /opt/airflow/dags/dag_currencies.py
[2025-12-07T17:18:14.803+0000] {logging_mixin.py:188} INFO - [2025-12-07T17:18:14.803+0000] {dag.py:3036} INFO - Sync 1 DAGs
[2025-12-07T17:18:14.821+0000] {logging_mixin.py:188} INFO - [2025-12-07T17:18:14.821+0000] {dag.py:3823} INFO - Setting next_dagrun for dag_currencies to 2025-12-07 09:00:00+00:00, run_after=2025-12-08 09:00:00+00:00
[2025-12-07T17:18:14.843+0000] {processor.py:183} INFO - Processing /opt/airflow/dags/dag_currencies.py took 0.166 seconds
